2020-06-05T04:36:05.559Z error: uncaughtException: Invalid transport, must be an object with a log method.
Error: Invalid transport, must be an object with a log method.
    at new LegacyTransportStream (C:\Users\Dumbo\Desktop\Node\todo-app\backend\node_modules\winston-transport\legacy.js:18:11)
    at DerivedLogger.add (C:\Users\Dumbo\Desktop\Node\todo-app\backend\node_modules\winston\lib\winston\logger.js:345:11)
    at module.exports (C:\Users\Dumbo\Desktop\Node\todo-app\backend\startup\logging.js:20:53)
    at Object.<anonymous> (C:\Users\Dumbo\Desktop\Node\todo-app\backend\index.js:7:29)
    at Module._compile (internal/modules/cjs/loader.js:955:30)
    at Object.Module._extensions..js (internal/modules/cjs/loader.js:991:10)
    at Module.load (internal/modules/cjs/loader.js:811:32)
    at Function.Module._load (internal/modules/cjs/loader.js:723:14)
    at Function.Module.runMain (internal/modules/cjs/loader.js:1043:10)
    at internal/main/run_main_module.js:17:11
2020-06-05T04:36:09.007Z error: uncaughtException: Invalid transport, must be an object with a log method.
Error: Invalid transport, must be an object with a log method.
    at new LegacyTransportStream (C:\Users\Dumbo\Desktop\Node\todo-app\backend\node_modules\winston-transport\legacy.js:18:11)
    at DerivedLogger.add (C:\Users\Dumbo\Desktop\Node\todo-app\backend\node_modules\winston\lib\winston\logger.js:345:11)
    at module.exports (C:\Users\Dumbo\Desktop\Node\todo-app\backend\startup\logging.js:20:53)
    at Object.<anonymous> (C:\Users\Dumbo\Desktop\Node\todo-app\backend\index.js:7:29)
    at Module._compile (internal/modules/cjs/loader.js:955:30)
    at Object.Module._extensions..js (internal/modules/cjs/loader.js:991:10)
    at Module.load (internal/modules/cjs/loader.js:811:32)
    at Function.Module._load (internal/modules/cjs/loader.js:723:14)
    at Function.Module.runMain (internal/modules/cjs/loader.js:1043:10)
    at internal/main/run_main_module.js:17:11
